22-06-2021 03:56:32 PM : INFO : Launching chrome browser... 
22-06-2021 03:56:34 PM : INFO : ********** STARTING TEST : test_login **********
22-06-2021 03:56:34 PM : INFO : Launching Website...
22-06-2021 03:56:37 PM : INFO : Entering Username...
22-06-2021 03:56:37 PM : INFO : Entering password...
22-06-2021 03:56:46 PM : INFO : Login page title is successfully verified...
22-06-2021 03:56:46 PM : INFO : ********** END TEST : test_login : PASSED **********
22-06-2021 04:12:19 PM : INFO : Launching chrome browser... 
22-06-2021 04:12:22 PM : INFO : ********** STARTING TEST : test_homePageTitle **********
22-06-2021 04:12:22 PM : INFO : Launching Website...
22-06-2021 04:12:25 PM : INFO : Home page title is successfully verified...
22-06-2021 04:12:25 PM : INFO : ********** END TEST : test_homePageTitle : PASSED **********
22-06-2021 04:12:25 PM : INFO : Launching chrome browser... 
22-06-2021 04:12:28 PM : INFO : ********** STARTING TEST : test_login **********
22-06-2021 04:12:28 PM : INFO : Launching Website...
22-06-2021 04:12:31 PM : INFO : Entering Username...
22-06-2021 04:12:31 PM : INFO : Entering password...
22-06-2021 04:12:41 PM : INFO : Login page title is successfully verified...
22-06-2021 04:12:41 PM : INFO : ********** END TEST : test_login : PASSED **********
22-06-2021 04:13:49 PM : INFO : Launching chrome browser... 
22-06-2021 04:13:51 PM : INFO : ********** STARTING TEST : test_homePageTitle **********
22-06-2021 04:13:51 PM : INFO : Launching Website...
22-06-2021 04:13:55 PM : INFO : Home page title is successfully verified...
22-06-2021 04:13:55 PM : INFO : ********** END TEST : test_homePageTitle : PASSED **********
22-06-2021 04:13:55 PM : INFO : Launching chrome browser... 
22-06-2021 04:13:57 PM : INFO : ********** STARTING TEST : test_login **********
22-06-2021 04:13:57 PM : INFO : Launching Website...
22-06-2021 04:14:01 PM : INFO : Entering Username...
22-06-2021 04:14:01 PM : INFO : Entering password...
22-06-2021 04:14:09 PM : INFO : Login page title is successfully verified...
22-06-2021 04:14:09 PM : INFO : ********** END TEST : test_login : PASSED **********
